{
  "RSpec": {
    "coverage": {
      "/Users/evanthomas/projects/makers/week_5/makersbnb-ruby-seed/lib/database_connection.rb": {
        "lines": [
          null,
          null,
          null,
          null,
          null,
          null,
          null,
          1,
          1,
          null,
          1,
          1,
          null,
          1,
          2,
          2,
          2,
          null,
          2,
          0,
          0,
          0,
          0,
          0,
          0,
          null,
          null,
          2,
          2,
          null,
          0,
          null,
          null,
          1,
          223,
          null,
          0,
          null,
          null,
          1,
          null,
          1,
          0,
          0,
          0,
          0,
          0,
          0,
          0,
          0,
          0,
          0,
          0,
          0,
          0,
          0,
          0,
          0,
          null,
          0,
          0,
          0,
          null,
          null,
          null,
          0,
          null,
          null,
          1,
          0,
          0,
          0,
          0,
          0,
          0,
          0,
          0,
          0,
          0,
          0,
          0,
          0,
          0,
          0,
          0,
          0,
          0,
          0,
          0,
          0,
          null,
          0,
          0,
          0,
          0,
          0,
          0,
          0,
          0,
          0,
          0,
          null,
          0,
          0,
          0,
          0,
          0,
          0,
          0,
          0,
          0,
          0,
          0,
          null,
          null,
          0,
          null,
          null,
          1,
          0,
          null,
          null,
          1,
          6,
          null,
          null
        ]
      },
      "/Users/evanthomas/projects/makers/week_5/makersbnb-ruby-seed/spec/booking_repository_spec.rb": {
        "lines": [
          1,
          null,
          1,
          null,
          1,
          5,
          5,
          5,
          null,
          null,
          1,
          5,
          null,
          null,
          1,
          1,
          1,
          1,
          1,
          1,
          1,
          1,
          1,
          null,
          null,
          null,
          1,
          1,
          1,
          null,
          1,
          null,
          1,
          null,
          1,
          1,
          1,
          1,
          1,
          null,
          null,
          null,
          1,
          1,
          1,
          null,
          1,
          null,
          1,
          null,
          1,
          null,
          1,
          1,
          1,
          1,
          null,
          1,
          null,
          1,
          1,
          1,
          1,
          null,
          null,
          1,
          1,
          1,
          null,
          1,
          1,
          1,
          1,
          1,
          null,
          1,
          null,
          1,
          null,
          1,
          1,
          1,
          1,
          null,
          1,
          1,
          1,
          null,
          1,
          null,
          1,
          null,
          1,
          null,
          null,
          null,
          null
        ]
      },
      "/Users/evanthomas/projects/makers/week_5/makersbnb-ruby-seed/lib/booking_repository.rb": {
        "lines": [
          1,
          null,
          1,
          null,
          1,
          5,
          5,
          null,
          5,
          null,
          5,
          18,
          18,
          18,
          null,
          5,
          null,
          null,
          1,
          7,
          7,
          7,
          null,
          7,
          null,
          7,
          null,
          7,
          null,
          7,
          null,
          null,
          null,
          1,
          25,
          25,
          25,
          null,
          25,
          null,
          25,
          28,
          28,
          28,
          null,
          null,
          25,
          null,
          null,
          1,
          4,
          4,
          4,
          null,
          null,
          null,
          null,
          1,
          4,
          4,
          4,
          4,
          null,
          null,
          null,
          1,
          null,
          null,
          null,
          null,
          1,
          53,
          null,
          null,
          null,
          1,
          53,
          53,
          53,
          53,
          53,
          null,
          null,
          null
        ]
      },
      "/Users/evanthomas/projects/makers/week_5/makersbnb-ruby-seed/lib/booking.rb": {
        "lines": [
          1,
          null,
          1,
          1,
          null,
          1,
          18,
          null,
          null
        ]
      },
      "/Users/evanthomas/projects/makers/week_5/makersbnb-ruby-seed/lib/date_formatter.rb": {
        "lines": [
          1,
          1,
          393,
          393,
          null,
          null
        ]
      },
      "/Users/evanthomas/projects/makers/week_5/makersbnb-ruby-seed/spec/booking_spec.rb": {
        "lines": [
          1,
          null,
          1,
          1,
          1,
          1,
          1,
          1,
          1,
          1,
          null,
          null
        ]
      },
      "/Users/evanthomas/projects/makers/week_5/makersbnb-ruby-seed/spec/date_formatter_spec.rb": {
        "lines": [
          1,
          null,
          1,
          1,
          1,
          1,
          1,
          null,
          null,
          1,
          1,
          1,
          1,
          null,
          null
        ]
      },
      "/Users/evanthomas/projects/makers/week_5/makersbnb-ruby-seed/spec/integration/app_spec.rb": {
        "lines": [
          1,
          1,
          1,
          1,
          null,
          1,
          0,
          0,
          0,
          null,
          null,
          1,
          1,
          24,
          null,
          null,
          1,
          null,
          null,
          1,
          12,
          null,
          null,
          null,
          null,
          null,
          null,
          1,
          null,
          25,
          null,
          1,
          1,
          1,
          null,
          1,
          1,
          1,
          1,
          1,
          null,
          1,
          1,
          1,
          1,
          null,
          null,
          1,
          1,
          1,
          null,
          null,
          null,
          1,
          1,
          null,
          1,
          null,
          1,
          1,
          1,
          null,
          null,
          1,
          1,
          null,
          null,
          null,
          null,
          null,
          1,
          1,
          null,
          null,
          1,
          1,
          null,
          1,
          null,
          null,
          null,
          null,
          null,
          1,
          1,
          null,
          1,
          null,
          null,
          null,
          null,
          null,
          1,
          1,
          null,
          null,
          null,
          1,
          1,
          null,
          1,
          null,
          null,
          null,
          null,
          null,
          1,
          1,
          1,
          null,
          null,
          null,
          1,
          1,
          1,
          null,
          1,
          null,
          1,
          null,
          1,
          null,
          1,
          null,
          1,
          1,
          1,
          null,
          1,
          1,
          1,
          null,
          null,
          1,
          1,
          null,
          1,
          null,
          1,
          1,
          null,
          null,
          null,
          1,
          1,
          1,
          null,
          1,
          null,
          1,
          null,
          1,
          null,
          1,
          1,
          1,
          null,
          null,
          1,
          1,
          null,
          1,
          null,
          1,
          1,
          null,
          null,
          null,
          1,
          1,
          1,
          null,
          1,
          null,
          null,
          null,
          null,
          null,
          null,
          null,
          null,
          1,
          null,
          1,
          1,
          1,
          1,
          1,
          1,
          1,
          1,
          null,
          1,
          1,
          null,
          1,
          1,
          null,
          null,
          null,
          1,
          1,
          1,
          null,
          null,
          null,
          null,
          null,
          null,
          null,
          null,
          null,
          1,
          1,
          null,
          null,
          1,
          1,
          null,
          1,
          null,
          null,
          null,
          null,
          null,
          1,
          null,
          null,
          null,
          null,
          null,
          1,
          null,
          null,
          null,
          null,
          null,
          null,
          null,
          null,
          null,
          1,
          null,
          1,
          null,
          null,
          null,
          null,
          1,
          1,
          1,
          1,
          null,
          1,
          1,
          1,
          null,
          null,
          null,
          1,
          1,
          1,
          1,
          1,
          null,
          1,
          1,
          null,
          null,
          1,
          1,
          null,
          null,
          null,
          null,
          1,
          1,
          1,
          null,
          null,
          1,
          1,
          null,
          null,
          null,
          null,
          1,
          1,
          1,
          null,
          null,
          1,
          1,
          null,
          null,
          null,
          null,
          1,
          1,
          null,
          null,
          1,
          1,
          null,
          null,
          null,
          null,
          1,
          1,
          null,
          null,
          1,
          1,
          null,
          null,
          null,
          null,
          1,
          1,
          null,
          null,
          1,
          1,
          null,
          1,
          null,
          1,
          1,
          null,
          null,
          1,
          1,
          1,
          1,
          1,
          null,
          null,
          null,
          1,
          1,
          1,
          1,
          1,
          1,
          null,
          null,
          null,
          null,
          1,
          1,
          1,
          1,
          null,
          1,
          null,
          null,
          null,
          null
        ]
      },
      "/Users/evanthomas/projects/makers/week_5/makersbnb-ruby-seed/app.rb": {
        "lines": [
          1,
          1,
          1,
          1,
          1,
          1,
          1,
          null,
          1,
          null,
          1,
          1,
          1,
          null,
          1,
          1,
          null,
          null,
          1,
          2,
          null,
          null,
          1,
          7,
          2,
          null,
          5,
          5,
          null,
          5,
          5,
          5,
          null,
          null,
          null,
          1,
          3,
          1,
          null,
          2,
          2,
          2,
          null,
          null,
          null,
          1,
          5,
          1,
          null,
          null,
          4,
          4,
          null,
          4,
          null,
          4,
          4,
          4,
          4,
          null,
          null,
          null,
          1,
          5,
          0,
          null,
          5,
          null,
          1,
          1,
          null,
          null,
          4,
          null,
          4,
          null,
          4,
          9,
          1,
          1,
          null,
          null,
          null,
          null,
          3,
          3,
          3,
          3,
          3,
          null,
          3,
          null,
          3,
          null,
          null,
          1,
          3,
          3,
          7,
          null,
          1,
          1,
          null,
          null,
          null,
          2,
          2,
          null,
          2,
          2,
          2,
          2,
          2,
          2,
          null,
          null,
          2,
          1,
          1,
          null,
          null,
          1,
          1,
          1,
          null,
          null,
          1,
          10,
          1,
          null,
          9,
          9,
          null,
          9,
          9,
          9,
          null,
          null,
          null,
          null,
          9,
          null,
          9,
          9,
          20,
          null,
          null,
          9,
          17,
          null,
          null,
          9,
          17,
          null,
          null,
          9,
          null,
          null,
          null,
          1,
          2,
          2,
          null,
          2,
          2,
          null,
          null,
          1,
          null,
          5,
          5,
          null,
          5,
          5,
          5,
          null,
          5,
          5,
          2,
          2,
          3,
          0,
          0,
          null,
          null,
          3,
          3,
          null,
          null,
          null,
          1,
          null,
          26,
          26,
          null,
          26,
          26,
          null,
          26,
          0,
          0,
          26,
          0,
          0,
          null,
          null,
          26,
          26,
          null,
          26,
          null,
          26,
          null,
          26,
          null,
          26,
          26,
          null,
          0,
          null,
          null,
          null,
          1,
          1,
          1,
          null,
          null,
          1,
          null,
          1,
          null,
          5,
          null,
          null,
          5,
          null,
          4,
          null,
          4,
          null,
          4,
          null,
          null,
          1,
          null,
          7,
          null,
          null,
          7,
          null,
          6,
          null,
          6,
          null,
          6,
          null,
          null,
          1,
          4,
          4,
          null,
          null,
          1,
          2,
          2,
          null,
          2,
          2,
          null,
          2,
          1,
          null,
          null,
          null
        ]
      },
      "/Users/evanthomas/projects/makers/week_5/makersbnb-ruby-seed/lib/listing_repository.rb": {
        "lines": [
          1,
          null,
          1,
          null,
          1,
          42,
          42,
          null,
          42,
          null,
          42,
          257,
          257,
          257,
          257,
          257,
          257,
          257,
          257,
          null,
          257,
          null,
          42,
          null,
          null,
          null,
          1,
          4,
          4,
          4,
          null,
          null,
          1,
          10,
          10,
          10,
          null,
          10,
          null,
          10,
          23,
          23,
          23,
          23,
          23,
          23,
          23,
          23,
          null,
          23,
          null,
          10,
          null,
          null,
          1,
          22,
          22,
          22,
          22,
          22,
          22,
          22,
          22,
          22,
          22,
          22,
          null,
          22,
          null,
          null
        ]
      },
      "/Users/evanthomas/projects/makers/week_5/makersbnb-ruby-seed/lib/listing.rb": {
        "lines": [
          1,
          null,
          1,
          1,
          null,
          1,
          188,
          null,
          null,
          1,
          188,
          null,
          null
        ]
      },
      "/Users/evanthomas/projects/makers/week_5/makersbnb-ruby-seed/lib/user_repository.rb": {
        "lines": [
          1,
          1,
          null,
          1,
          1,
          5,
          5,
          5,
          5,
          11,
          null,
          5,
          null,
          null,
          1,
          4,
          null,
          4,
          4,
          4,
          null,
          null,
          1,
          65,
          65,
          null,
          65,
          65,
          null,
          null,
          1,
          26,
          26,
          null,
          26,
          26,
          null,
          null,
          1,
          null,
          26,
          26,
          0,
          null,
          null,
          null,
          1,
          null,
          1,
          102,
          102,
          102,
          102,
          102,
          null,
          null
        ]
      },
      "/Users/evanthomas/projects/makers/week_5/makersbnb-ruby-seed/lib/user.rb": {
        "lines": [
          1,
          1,
          null
        ]
      },
      "/Users/evanthomas/projects/makers/week_5/makersbnb-ruby-seed/spec/integration/bookings_system_spec.rb": {
        "lines": [
          1,
          1,
          1,
          1,
          1,
          null,
          1,
          0,
          0,
          0,
          null,
          null,
          1,
          1,
          7,
          null,
          null,
          1,
          6,
          null,
          null,
          null,
          null,
          null,
          null,
          1,
          null,
          8,
          null,
          1,
          1,
          3,
          null,
          null,
          1,
          3,
          null,
          null,
          1,
          1,
          1,
          null,
          1,
          null,
          1,
          1,
          1,
          1,
          1,
          1,
          null,
          1,
          1,
          1,
          1,
          1,
          1,
          null,
          null,
          1,
          1,
          null,
          1,
          1,
          null,
          1,
          1,
          1,
          1,
          1,
          1,
          1,
          null,
          1,
          1,
          1,
          null,
          1,
          null,
          1,
          null,
          null,
          null,
          1,
          1,
          null,
          1,
          null,
          1,
          1,
          null,
          null,
          null,
          null,
          1,
          1,
          1,
          1,
          1,
          1,
          null,
          1,
          1,
          null,
          1,
          1,
          1,
          1,
          null,
          null,
          1,
          1,
          null,
          1,
          null,
          null,
          null,
          null,
          null,
          null,
          1,
          1,
          null,
          1,
          null,
          1,
          1,
          null,
          null,
          null,
          null,
          null,
          1,
          1,
          1,
          null,
          1,
          null,
          null,
          null,
          null,
          null,
          null,
          1,
          1,
          null,
          null,
          1,
          null,
          null,
          null,
          null,
          null,
          null,
          1,
          null,
          1,
          null,
          null,
          1,
          1,
          null,
          1,
          null,
          null,
          null,
          null,
          null,
          1,
          null,
          null,
          null,
          null,
          null,
          1,
          null,
          null,
          null,
          null,
          null,
          null,
          1,
          null,
          1,
          null,
          null,
          null,
          null
        ]
      },
      "/Users/evanthomas/projects/makers/week_5/makersbnb-ruby-seed/spec/listing_repository_spec.rb": {
        "lines": [
          1,
          null,
          1,
          35,
          35,
          35,
          null,
          null,
          1,
          1,
          4,
          null,
          null,
          1,
          1,
          null,
          1,
          null,
          1,
          null,
          1,
          1,
          1,
          null,
          1,
          1,
          1,
          null,
          null,
          null,
          1,
          1,
          1,
          1,
          1,
          1,
          1,
          1,
          1,
          1,
          null,
          1,
          null,
          1,
          1,
          1,
          1,
          null,
          null,
          1,
          1,
          1,
          1,
          1,
          1,
          1,
          1,
          1,
          1,
          1,
          null,
          1,
          null,
          1,
          1,
          1,
          1,
          1,
          1,
          null,
          null,
          1,
          1,
          1,
          null,
          1,
          1,
          1,
          1,
          1,
          1,
          1,
          null,
          null,
          null
        ]
      },
      "/Users/evanthomas/projects/makers/week_5/makersbnb-ruby-seed/spec/listing_spec.rb": {
        "lines": [
          1,
          null,
          1,
          1,
          1,
          1,
          1,
          1,
          1,
          1,
          null,
          null,
          1,
          1,
          1,
          1,
          1,
          1,
          1,
          null,
          null
        ]
      },
      "/Users/evanthomas/projects/makers/week_5/makersbnb-ruby-seed/spec/user_repository_spec.rb": {
        "lines": [
          1,
          null,
          1,
          5,
          5,
          5,
          null,
          null,
          1,
          1,
          5,
          null,
          null,
          1,
          1,
          1,
          1,
          null,
          null,
          1,
          1,
          1,
          null,
          1,
          1,
          null,
          1,
          null,
          null,
          null,
          1,
          1,
          1,
          1,
          1,
          1,
          1,
          null,
          1,
          null,
          null,
          null,
          1,
          1,
          1,
          1,
          null,
          1,
          1,
          1,
          null,
          null,
          1,
          1,
          1,
          null,
          1,
          1,
          1,
          null,
          null,
          null
        ]
      }
    },
    "timestamp": 1684491504
  }
}
